<?xml version="1.0" encoding="UTF-8"?>
<!-- Generated by org.testng.reporters.JUnitReportReporter -->
<testsuite hostname="LIN-G5PB1J3" failures="0" tests="4" name="API_Test.UserTest" time="7.216" errors="0" timestamp="2024-05-07T13:44:43 IST" skipped="0">
  <testcase classname="API_Test.UserTest" name="testCreateUser" time="4.765"/>
  <testcase classname="API_Test.UserTest" name="testGetUser" time="0.936"/>
  <testcase classname="API_Test.UserTest" name="testUpdateUser" time="0.826"/>
  <testcase classname="API_Test.UserTest" name="testDeleteUser" time="0.689"/>
</testsuite> <!-- API_Test.UserTest -->
