<?xml version="1.0" encoding="UTF-8"?>
<!-- Generated by org.testng.reporters.JUnitReportReporter -->
<testsuite hostname="LIN-G5PB1J3" failures="0" tests="4" name="API_Test.JsonExternalData" time="6.919" errors="0" timestamp="2024-05-07T18:25:23 IST" skipped="0">
  <testcase classname="API_Test.JsonExternalData" name="testCreateUser" time="3.281"/>
  <testcase classname="API_Test.JsonExternalData" name="testGetUser" time="1.238"/>
  <testcase classname="API_Test.JsonExternalData" name="testUpdateUser" time="1.109"/>
  <testcase classname="API_Test.JsonExternalData" name="testDeleteUser" time="1.291"/>
</testsuite> <!-- API_Test.JsonExternalData -->
