<?xml version="1.0" encoding="UTF-8"?>
<!-- Generated by org.testng.reporters.JUnitReportReporter -->
<testsuite hostname="LIN-G5PB1J3" failures="0" tests="4" name="API_Test.JsonExternalData" time="10.747" errors="0" timestamp="2024-05-07T14:55:46 IST" skipped="0">
  <testcase classname="API_Test.JsonExternalData" name="testCreateUser" time="5.841"/>
  <testcase classname="API_Test.JsonExternalData" name="testGetUser" time="2.317"/>
  <testcase classname="API_Test.JsonExternalData" name="testUpdateUser" time="1.394"/>
  <testcase classname="API_Test.JsonExternalData" name="testDeleteUser" time="1.195"/>
</testsuite> <!-- API_Test.JsonExternalData -->
