<?xml version="1.0" encoding="UTF-8"?>
<!-- Generated by org.testng.reporters.JUnitReportReporter -->
<testsuite hostname="LIN-G5PB1J3" failures="0" tests="4" name="API_Test.HashMapTest" time="7.639" errors="0" timestamp="2024-05-07T13:49:37 IST" skipped="0">
  <testcase classname="API_Test.HashMapTest" name="testCreateUser" time="5.104"/>
  <testcase classname="API_Test.HashMapTest" name="testGetUser" time="0.861"/>
  <testcase classname="API_Test.HashMapTest" name="testUpdateUser" time="0.832"/>
  <testcase classname="API_Test.HashMapTest" name="testDeleteUser" time="0.842"/>
</testsuite> <!-- API_Test.HashMapTest -->
