<?xml version="1.0" encoding="UTF-8"?>
<!-- Generated by org.testng.reporters.JUnitReportReporter -->
<testsuite hostname="LIN-G5PB1J3" failures="0" tests="4" name="API_Test.UserTest" time="7.705" errors="0" timestamp="2024-05-07T18:24:23 IST" skipped="0">
  <testcase classname="API_Test.UserTest" name="testCreateUser" time="3.083"/>
  <testcase classname="API_Test.UserTest" name="testGetUser" time="1.270"/>
  <testcase classname="API_Test.UserTest" name="testUpdateUser" time="2.405"/>
  <testcase classname="API_Test.UserTest" name="testDeleteUser" time="0.947"/>
</testsuite> <!-- API_Test.UserTest -->
