<?xml version="1.0" encoding="UTF-8"?>
<!-- Generated by org.testng.reporters.JUnitReportReporter -->
<testsuite hostname="LIN-G5PB1J3" failures="0" tests="4" name="API_Test.HashMapTest" time="6.713" errors="0" timestamp="2024-05-07T18:23:02 IST" skipped="0">
  <testcase classname="API_Test.HashMapTest" name="testCreateUser" time="3.381"/>
  <testcase classname="API_Test.HashMapTest" name="testGetUser" time="1.254"/>
  <testcase classname="API_Test.HashMapTest" name="testUpdateUser" time="0.867"/>
  <testcase classname="API_Test.HashMapTest" name="testDeleteUser" time="1.211"/>
</testsuite> <!-- API_Test.HashMapTest -->
